2024-09-25 15:20:42 - pre_processing - INFO - Logger initialized
2024-09-25 15:20:42 - pre_processing - INFO - Required user params found
2024-09-25 15:20:42 - pre_processing - INFO - Created directory: /Users/willdelabretonne/Drone_Images/plot_finder_test_corn/Output
2024-09-25 15:20:42 - pre_processing - INFO - Created directory: /Users/willdelabretonne/Drone_Images/plot_finder_test_corn/Output/0712_tw_pf_output
2024-09-25 15:20:42 - pre_processing - INFO - Created directory: /Users/willdelabretonne/Drone_Images/plot_finder_test_corn/Output/0712_tw_pf_output/plots
2024-09-25 15:20:42 - pre_processing - INFO - Created directory: /Users/willdelabretonne/Drone_Images/plot_finder_test_corn/Output/0712_tw_pf_output/QC
2024-09-25 15:20:42 - pre_processing - INFO - Created directory: /Users/willdelabretonne/Drone_Images/plot_finder_test_corn/Output/0712_tw_pf_output/shapefiles
2024-09-25 15:20:42 - pre_processing - INFO - Created directory: /Users/willdelabretonne/Drone_Images/plot_finder_test_corn/Output/0712_tw_pf_output/optimization_models
2024-09-25 15:20:42 - pre_processing - INFO - Number of cores set to: 10
2024-09-25 15:20:42 - pre_processing - INFO - Extracting metadata from ortho image
2024-09-25 15:20:42 - pre_processing - INFO - Calculating GSD
2024-09-25 15:20:42 - pre_processing - INFO - Geographic Coordinate Reference System detected
2024-09-25 15:20:42 - pre_processing - INFO - Calculated GSD (cm): 0.8281
2024-09-25 15:20:43 - pre_processing - INFO - Reading image at: /Users/willdelabretonne/Drone_Images/plot_finder_test_corn/Images/0712_tw.tif
2024-09-25 15:20:43 - pre_processing - INFO - Computing rotation angle
2024-09-25 15:20:47 - pre_processing - INFO - Computed rotation angle: 1 degrees
2024-09-25 15:20:47 - pre_processing - INFO - Finished rotating image
2024-09-25 15:20:47 - pre_processing - INFO - Using grayscale method: LAB
2024-09-25 15:20:47 - pre_processing - INFO - Gray scale will be inverted
2024-09-25 15:20:47 - pre_processing - INFO - Computing gray image
2024-09-25 15:20:47 - pre_processing - INFO - Finished computing gray image
2024-09-25 15:20:47 - image_processing - INFO - Computing box size
2024-09-25 15:20:47 - image_processing - INFO - Using box width of 552
2024-09-25 15:20:47 - image_processing - INFO - Using box height of 920
2024-09-25 15:20:47 - image_processing - INFO - Frequency Supression: Row: 4, Range: 2
2024-09-25 15:20:47 - image_processing - INFO - Computing sparse skip using 1000 images
2024-09-25 15:20:47 - image_processing - INFO - Col Spacing: 93
2024-09-25 15:20:47 - image_processing - INFO - Row Spacing: 103
2024-09-25 15:20:47 - image_processing - INFO - Computing the signal using 1026 points
2024-09-25 15:20:49 - image_processing - INFO - Implied Row Spacing: 36.0 in
2024-09-25 15:20:49 - image_processing - INFO - Implied Range Spacing: 11.2 ft
2024-09-25 15:20:49 - image_processing - INFO - Finished Processing Sparse Grid
2024-09-25 15:20:49 - image_processing - INFO - Finished Phase 1
2024-09-25 15:20:49 - image_processing - INFO - Using fine skip radi of [40, 40]
2024-09-25 15:20:49 - image_processing - INFO - Starting to process fine grid using 5565 images and 10 cores
2024-09-25 15:20:59 - image_processing - INFO - Finished processing fine grid in 9.41 seconds
